<?xml version="1.0" encoding="UTF-8"?>
<!-- Generated by org.testng.reporters.JUnitXMLReporter -->
<testsuite ignored="0" hostname="HASSEN-HP" failures="1" tests="6" name="ListenrExecution" time="17.314" errors="0" timestamp="2021-02-09T12:31:06 EST">
  <testcase classname="testNG_Listeners.ListnersClass" name="AccountTest" time="0.014"/>
  <testcase classname="testNG_Listeners.ListnersClass" name="AccountTest" time="0.002"/>
  <testcase classname="testNG_Listeners.ListnersClass" name="AccountTest" time="0.002"/>
  <testcase classname="testNG_Listeners.ListnersClass" name="SkipTest" time="0.002">
    <skipped/>
  </testcase> <!-- SkipTest -->
  <testcase classname="testNG_Listeners.ListnersClass" name="titleComparision" time="0.01">
    <failure type="java.lang.AssertionError" message="Titles of the website do not match expected [Free QA Automation Tools For Everyone] but found [ToolsQA]">
      <![CDATA[java.lang.AssertionError: Titles of the website do not match expected [Free QA Automation Tools For Everyone] but found [ToolsQA]
at testNG_Listeners.ListnersClass.titleComparision(ListnersClass.java:37)
at java.base/java.util.ArrayList.forEach(ArrayList.java:1540)
... Removed 31 stack frames]]>
    </failure>
  </testcase> <!-- titleComparision -->
  <testcase classname="testNG_Listeners.ListnersClass" name="urlCheck" time="0.012"/>
</testsuite> <!-- ListenrExecution -->
