<?xml version="1.0" encoding="UTF-8"?>
<testng-results ignored="0" total="1" passed="1" failed="0" skipped="0">
  <reporter-output>
  </reporter-output>
  <suite started-at="2022-09-05T12:39:36 EDT" name="Suite" finished-at="2022-09-05T12:39:37 EDT" duration-ms="101">
    <groups>
    </groups>
    <test started-at="2022-09-05T12:39:36 EDT" name="Test" finished-at="2022-09-05T12:39:37 EDT" duration-ms="101">
      <class name="listeners.Runner">
        <test-method is-config="true" signature="setUpSuite()[pri:0, instance:listeners.Runner@6236eb5f]" started-at="2022-09-05T12:39:36 EDT" name="setUpSuite" finished-at="2022-09-05T12:39:36 EDT" duration-ms="14" status="PASS">
          <reporter-output>
          </reporter-output>
        </test-method> <!-- setUpSuite -->
        <test-method is-config="true" signature="setUp()[pri:0, instance:listeners.Runner@6236eb5f]" started-at="2022-09-05T12:39:37 EDT" name="setUp" finished-at="2022-09-05T12:39:37 EDT" duration-ms="1" status="PASS">
          <reporter-output>
          </reporter-output>
        </test-method> <!-- setUp -->
        <test-method signature="test1()[pri:0, instance:listeners.Runner@6236eb5f]" started-at="2022-09-05T12:39:37 EDT" name="test1" finished-at="2022-09-05T12:39:37 EDT" duration-ms="8" status="PASS">
          <reporter-output>
          </reporter-output>
        </test-method> <!-- test1 -->
        <test-method is-config="true" signature="tearDown()[pri:0, instance:listeners.Runner@6236eb5f]" started-at="2022-09-05T12:39:37 EDT" name="tearDown" finished-at="2022-09-05T12:39:37 EDT" duration-ms="1" status="PASS">
          <reporter-output>
          </reporter-output>
        </test-method> <!-- tearDown -->
        <test-method is-config="true" signature="tearDownSuite()[pri:0, instance:listeners.Runner@6236eb5f]" started-at="2022-09-05T12:39:37 EDT" name="tearDownSuite" finished-at="2022-09-05T12:39:37 EDT" duration-ms="0" status="PASS">
          <reporter-output>
          </reporter-output>
        </test-method> <!-- tearDownSuite -->
      </class> <!-- listeners.Runner -->
    </test> <!-- Test -->
  </suite> <!-- Suite -->
</testng-results>
